# JRE version: OpenJDK Runtime Environment (26.0.1+8) (build 26.0.1+8-34)
# Java VM: OpenJDK 64-Bit Server VM (26.0.1+8-34, mixed mode, sharing, tiered, compressed oops, compressed class ptrs, g1 gc, windows-amd64)
GC Precious Log:
 CardTable entry size: 512
 Card Set container configuration: InlinePtr #cards 5 size 8 Array Of Cards #cards 10 size 36 Howl #buckets 4 coarsen threshold 1843 Howl Bitmap #cards 512 size 80 coarsen threshold 460 Card regions per heap region 1 cards per card region 2048
 CPUs: 20 total, 20 available
 Memory: 7859M
 Large Page Support: Disabled
 NUMA Support: Disabled
 Compressed Oops: Enabled (32-bit)
 Heap Region Size: 1M
 Heap Min Capacity: 8M
 Heap Initial Capacity: 8M
 Heap Max Capacity: 1966M
 Pre-touch: Disabled
 Parallel Workers: 15
 Concurrent Workers: 4
 Concurrent Refinement Workers: 15
 Periodic GC: Disabled
Heap:
 garbage-first heap   total reserved 2013184K, committed 92160K, used 46511K [0x0000000085200000, 0x0000000100000000)
  region size 1M, 33 eden (33M), 2 survivor (2M), 12 old (12M), 1 humongous (1M), 42 free (42M)
GC Heap Usage History (18 events):
Event: 0.298 {heap Before GC invocations=0 (full 0):
 garbage-first heap   total reserved 2013184K, committed 10240K, used 6303K [0x0000000085200000, 0x0000000100000000)
  region size 1M, 4 eden (4M), 0 survivor (0M), 2 old (2M), 1 humongous (1M), 3 free (3M)
}
Event: 0.300 {heap After GC invocations=1 (full 0):
 garbage-first heap   total reserved 2013184K, committed 10240K, used 4375K [0x0000000085200000, 0x0000000100000000)
  region size 1M, 0 eden (0M), 1 survivor (1M), 4 old (4M), 1 humongous (1M), 4 free (4M)
}
Event: 0.326 {heap Before GC invocations=1 (full 0):
 garbage-first heap   total reserved 2013184K, committed 10240K, used 4375K [0x0000000085200000, 0x0000000100000000)
  region size 1M, 1 eden (1M), 1 survivor (1M), 4 old (4M), 1 humongous (1M), 3 free (3M)
}
Event: 0.328 {heap After GC invocations=2 (full 0):
 garbage-first heap   total reserved 2013184K, committed 10240K, used 4928K [0x0000000085200000, 0x0000000100000000)
  region size 1M, 0 eden (0M), 1 survivor (1M), 5 old (5M), 1 humongous (1M), 3 free (3M)
}
Event: 0.349 {heap Before GC invocations=3 (full 0):
 garbage-first heap   total reserved 2013184K, committed 10240K, used 5952K [0x0000000085200000, 0x0000000100000000)
  region size 1M, 1 eden (1M), 1 survivor (1M), 5 old (5M), 1 humongous (1M), 2 free (2M)
}
Event: 0.350 {heap After GC invocations=4 (full 0):
 garbage-first heap   total reserved 2013184K, committed 10240K, used 5418K [0x0000000085200000, 0x0000000100000000)
  region size 1M, 0 eden (0M), 1 survivor (1M), 5 old (5M), 1 humongous (1M), 3 free (3M)
}
Event: 0.380 {heap Before GC invocations=4 (full 0):
 garbage-first heap   total reserved 2013184K, committed 10240K, used 6442K [0x0000000085200000, 0x0000000100000000)
  region size 1M, 1 eden (1M), 1 survivor (1M), 5 old (5M), 1 humongous (1M), 2 free (2M)
}
Event: 0.381 {heap After GC invocations=5 (full 0):
 garbage-first heap   total reserved 2013184K, committed 30720K, used 5511K [0x0000000085200000, 0x0000000100000000)
  region size 1M, 0 eden (0M), 1 survivor (1M), 5 old (5M), 1 humongous (1M), 23 free (23M)
}
Event: 0.628 {heap Before GC invocations=5 (full 0):
 garbage-first heap   total reserved 2013184K, committed 30720K, used 14727K [0x0000000085200000, 0x0000000100000000)
  region size 1M, 10 eden (10M), 1 survivor (1M), 5 old (5M), 1 humongous (1M), 13 free (13M)
}
Event: 0.630 {heap After GC invocations=6 (full 0):
 garbage-first heap   total reserved 2013184K, committed 30720K, used 6466K [0x0000000085200000, 0x0000000100000000)
  region size 1M, 0 eden (0M), 2 survivor (2M), 5 old (5M), 1 humongous (1M), 22 free (22M)
}
Event: 0.746 {heap Before GC invocations=6 (full 0):
 garbage-first heap   total reserved 2013184K, committed 30720K, used 15682K [0x0000000085200000, 0x0000000100000000)
  region size 1M, 9 eden (9M), 2 survivor (2M), 5 old (5M), 1 humongous (1M), 13 free (13M)
}
Event: 0.748 {heap After GC invocations=7 (full 0):
 garbage-first heap   total reserved 2013184K, committed 30720K, used 7745K [0x0000000085200000, 0x0000000100000000)
  region size 1M, 0 eden (0M), 2 survivor (2M), 5 old (5M), 1 humongous (1M), 22 free (22M)
}
Event: 0.911 {heap Before GC invocations=7 (full 0):
 garbage-first heap   total reserved 2013184K, committed 30720K, used 19009K [0x0000000085200000, 0x0000000100000000)
  region size 1M, 11 eden (11M), 2 survivor (2M), 5 old (5M), 1 humongous (1M), 11 free (11M)
}
Event: 0.915 {heap After GC invocations=8 (full 0):
 garbage-first heap   total reserved 2013184K, committed 30720K, used 9690K [0x0000000085200000, 0x0000000100000000)
  region size 1M, 0 eden (0M), 2 survivor (2M), 7 old (7M), 1 humongous (1M), 20 free (20M)
}
Event: 0.996 {heap Before GC invocations=8 (full 0):
 garbage-first heap   total reserved 2013184K, committed 30720K, used 20954K [0x0000000085200000, 0x0000000100000000)
  region size 1M, 11 eden (11M), 2 survivor (2M), 7 old (7M), 1 humongous (1M), 9 free (9M)
}
Event: 1.000 {heap After GC invocations=9 (full 0):
 garbage-first heap   total reserved 2013184K, committed 30720K, used 12419K [0x0000000085200000, 0x0000000100000000)
  region size 1M, 0 eden (0M), 2 survivor (2M), 10 old (10M), 1 humongous (1M), 17 free (17M)
}
Event: 1.013 {heap Before GC invocations=9 (full 0):
 garbage-first heap   total reserved 2013184K, committed 30720K, used 21635K [0x0000000085200000, 0x0000000100000000)
  region size 1M, 9 eden (9M), 2 survivor (2M), 10 old (10M), 1 humongous (1M), 8 free (8M)
}
Event: 1.018 {heap After GC invocations=10 (full 0):
 garbage-first heap   total reserved 2013184K, committed 92160K, used 14767K [0x0000000085200000, 0x0000000100000000)
  region size 1M, 0 eden (0M), 2 survivor (2M), 12 old (12M), 1 humongous (1M), 75 free (75M)
}

